<?xml version="1.0" encoding="UTF-8"?>
<!-- Generated by org.testng.reporters.JUnitReportReporter -->
<testsuite hostname="DESKTOP-2MQBI8S" failures="0" tests="1" name="com.project.FilterWiseClothingTastCases" time="36.917" errors="0" timestamp="2024-07-15T12:54:34 IST" skipped="0">
  <testcase classname="com.project.FilterWiseClothingTastCases" name="verfyMenTshirApplingFilterdiscountAndAboveByBrandOfPollo" time="36.917"/>
</testsuite> <!-- com.project.FilterWiseClothingTastCases -->
